Performing C SOURCE FILE Test CMAKE_HAVE_LIBC_PTHREAD failed with the following output:
Change Dir: /home/bastiano/geant4/PSI/Final/CMakeFiles/CMakeTmp

Run Build Command(s):/usr/bin/make cmTC_6faf4/fast && /usr/bin/make -f CMakeFiles/cmTC_6faf4.dir/build.make CMakeFiles/cmTC_6faf4.dir/build
make[1]: Entering directory '/home/bastiano/geant4/PSI/Final/CMakeFiles/CMakeTmp'
Building C object CMakeFiles/cmTC_6faf4.dir/src.c.o
/usr/bin/cc   -DCMAKE_HAVE_LIBC_PTHREAD   -o CMakeFiles/cmTC_6faf4.dir/src.c.o   -c /home/bastiano/geant4/PSI/Final/CMakeFiles/CMakeTmp/src.c
Linking C executable cmTC_6faf4
/usr/bin/cmake -E cmake_link_script CMakeFiles/cmTC_6faf4.dir/link.txt --verbose=1
/usr/bin/cc  -DCMAKE_HAVE_LIBC_PTHREAD    CMakeFiles/cmTC_6faf4.dir/src.c.o  -o cmTC_6faf4 
/usr/bin/ld: CMakeFiles/cmTC_6faf4.dir/src.c.o: in function `main':
src.c:(.text+0x46): undefined reference to `pthread_create'
/usr/bin/ld: src.c:(.text+0x52): undefined reference to `pthread_detach'
/usr/bin/ld: src.c:(.text+0x63): undefined reference to `pthread_join'
collect2: error: ld returned 1 exit status
make[1]: *** [CMakeFiles/cmTC_6faf4.dir/build.make:87: cmTC_6faf4] Error 1
make[1]: Leaving directory '/home/bastiano/geant4/PSI/Final/CMakeFiles/CMakeTmp'
make: *** [Makefile:121: cmTC_6faf4/fast] Error 2


Source file was:
#include <pthread.h>

void* test_func(void* data)
{
  return data;
}

int main(void)
{
  pthread_t thread;
  pthread_create(&thread, NULL, test_func, NULL);
  pthread_detach(thread);
  pthread_join(thread, NULL);
  pthread_atfork(NULL, NULL, NULL);
  pthread_exit(NULL);

  return 0;
}

Performing C SOURCE FILE Test CMAKE_HAVE_LIBC_PTHREAD failed with the following output:
Change Dir: /home/bastiano/Documents/Geant4/PSI/Final_change/CMakeFiles/CMakeTmp

Run Build Command(s):/usr/bin/make cmTC_2f22e/fast && /usr/bin/make -f CMakeFiles/cmTC_2f22e.dir/build.make CMakeFiles/cmTC_2f22e.dir/build
make[1]: Entering directory '/home/bastiano/Documents/Geant4/PSI/Final_change/CMakeFiles/CMakeTmp'
Building C object CMakeFiles/cmTC_2f22e.dir/src.c.o
/usr/bin/cc   -DCMAKE_HAVE_LIBC_PTHREAD   -o CMakeFiles/cmTC_2f22e.dir/src.c.o   -c /home/bastiano/Documents/Geant4/PSI/Final_change/CMakeFiles/CMakeTmp/src.c
Linking C executable cmTC_2f22e
/usr/bin/cmake -E cmake_link_script CMakeFiles/cmTC_2f22e.dir/link.txt --verbose=1
/usr/bin/cc  -DCMAKE_HAVE_LIBC_PTHREAD    CMakeFiles/cmTC_2f22e.dir/src.c.o  -o cmTC_2f22e 
/usr/bin/ld: CMakeFiles/cmTC_2f22e.dir/src.c.o: in function `main':
src.c:(.text+0x46): undefined reference to `pthread_create'
/usr/bin/ld: src.c:(.text+0x52): undefined reference to `pthread_detach'
/usr/bin/ld: src.c:(.text+0x63): undefined reference to `pthread_join'
collect2: error: ld returned 1 exit status
make[1]: *** [CMakeFiles/cmTC_2f22e.dir/build.make:87: cmTC_2f22e] Error 1
make[1]: Leaving directory '/home/bastiano/Documents/Geant4/PSI/Final_change/CMakeFiles/CMakeTmp'
make: *** [Makefile:121: cmTC_2f22e/fast] Error 2


Source file was:
#include <pthread.h>

void* test_func(void* data)
{
  return data;
}

int main(void)
{
  pthread_t thread;
  pthread_create(&thread, NULL, test_func, NULL);
  pthread_detach(thread);
  pthread_join(thread, NULL);
  pthread_atfork(NULL, NULL, NULL);
  pthread_exit(NULL);

  return 0;
}

Performing C SOURCE FILE Test CMAKE_HAVE_LIBC_PTHREAD failed with the following output:
Change Dir: /home/bastiano/Documents/Geant4/PSI/Final_change/CMakeFiles/CMakeTmp

Run Build Command(s):/usr/bin/make cmTC_85881/fast && /usr/bin/make -f CMakeFiles/cmTC_85881.dir/build.make CMakeFiles/cmTC_85881.dir/build
make[1]: Entering directory '/home/bastiano/Documents/Geant4/PSI/Final_change/CMakeFiles/CMakeTmp'
Building C object CMakeFiles/cmTC_85881.dir/src.c.o
/usr/bin/cc   -DCMAKE_HAVE_LIBC_PTHREAD   -o CMakeFiles/cmTC_85881.dir/src.c.o   -c /home/bastiano/Documents/Geant4/PSI/Final_change/CMakeFiles/CMakeTmp/src.c
Linking C executable cmTC_85881
/usr/bin/cmake -E cmake_link_script CMakeFiles/cmTC_85881.dir/link.txt --verbose=1
/usr/bin/cc  -DCMAKE_HAVE_LIBC_PTHREAD    CMakeFiles/cmTC_85881.dir/src.c.o  -o cmTC_85881 
/usr/bin/ld: CMakeFiles/cmTC_85881.dir/src.c.o: in function `main':
src.c:(.text+0x46): undefined reference to `pthread_create'
/usr/bin/ld: src.c:(.text+0x52): undefined reference to `pthread_detach'
/usr/bin/ld: src.c:(.text+0x63): undefined reference to `pthread_join'
collect2: error: ld returned 1 exit status
make[1]: *** [CMakeFiles/cmTC_85881.dir/build.make:87: cmTC_85881] Error 1
make[1]: Leaving directory '/home/bastiano/Documents/Geant4/PSI/Final_change/CMakeFiles/CMakeTmp'
make: *** [Makefile:121: cmTC_85881/fast] Error 2


Source file was:
#include <pthread.h>

void* test_func(void* data)
{
  return data;
}

int main(void)
{
  pthread_t thread;
  pthread_create(&thread, NULL, test_func, NULL);
  pthread_detach(thread);
  pthread_join(thread, NULL);
  pthread_atfork(NULL, NULL, NULL);
  pthread_exit(NULL);

  return 0;
}

Performing C SOURCE FILE Test CMAKE_HAVE_LIBC_PTHREAD failed with the following output:
Change Dir: /home/bastiano/Documents/Geant4/PSI/Final_change/CMakeFiles/CMakeTmp

Run Build Command(s):/usr/bin/make cmTC_32953/fast && /usr/bin/make -f CMakeFiles/cmTC_32953.dir/build.make CMakeFiles/cmTC_32953.dir/build
make[1]: Entering directory '/home/bastiano/Documents/Geant4/PSI/Final_change/CMakeFiles/CMakeTmp'
Building C object CMakeFiles/cmTC_32953.dir/src.c.o
/usr/bin/cc   -DCMAKE_HAVE_LIBC_PTHREAD   -o CMakeFiles/cmTC_32953.dir/src.c.o   -c /home/bastiano/Documents/Geant4/PSI/Final_change/CMakeFiles/CMakeTmp/src.c
Linking C executable cmTC_32953
/usr/bin/cmake -E cmake_link_script CMakeFiles/cmTC_32953.dir/link.txt --verbose=1
/usr/bin/cc  -DCMAKE_HAVE_LIBC_PTHREAD    CMakeFiles/cmTC_32953.dir/src.c.o  -o cmTC_32953 
/usr/bin/ld: CMakeFiles/cmTC_32953.dir/src.c.o: in function `main':
src.c:(.text+0x46): undefined reference to `pthread_create'
/usr/bin/ld: src.c:(.text+0x52): undefined reference to `pthread_detach'
/usr/bin/ld: src.c:(.text+0x63): undefined reference to `pthread_join'
collect2: error: ld returned 1 exit status
make[1]: *** [CMakeFiles/cmTC_32953.dir/build.make:87: cmTC_32953] Error 1
make[1]: Leaving directory '/home/bastiano/Documents/Geant4/PSI/Final_change/CMakeFiles/CMakeTmp'
make: *** [Makefile:121: cmTC_32953/fast] Error 2


Source file was:
#include <pthread.h>

void* test_func(void* data)
{
  return data;
}

int main(void)
{
  pthread_t thread;
  pthread_create(&thread, NULL, test_func, NULL);
  pthread_detach(thread);
  pthread_join(thread, NULL);
  pthread_atfork(NULL, NULL, NULL);
  pthread_exit(NULL);

  return 0;
}

Performing C SOURCE FILE Test CMAKE_HAVE_LIBC_PTHREAD failed with the following output:
Change Dir: /home/bastiano/Documents/Geant4/PSI/Final_change/CMakeFiles/CMakeTmp

Run Build Command(s):/usr/bin/make cmTC_f2d02/fast && /usr/bin/make -f CMakeFiles/cmTC_f2d02.dir/build.make CMakeFiles/cmTC_f2d02.dir/build
make[1]: Entering directory '/home/bastiano/Documents/Geant4/PSI/Final_change/CMakeFiles/CMakeTmp'
Building C object CMakeFiles/cmTC_f2d02.dir/src.c.o
/usr/bin/cc   -DCMAKE_HAVE_LIBC_PTHREAD   -o CMakeFiles/cmTC_f2d02.dir/src.c.o   -c /home/bastiano/Documents/Geant4/PSI/Final_change/CMakeFiles/CMakeTmp/src.c
Linking C executable cmTC_f2d02
/usr/bin/cmake -E cmake_link_script CMakeFiles/cmTC_f2d02.dir/link.txt --verbose=1
/usr/bin/cc  -DCMAKE_HAVE_LIBC_PTHREAD    CMakeFiles/cmTC_f2d02.dir/src.c.o  -o cmTC_f2d02 
/usr/bin/ld: CMakeFiles/cmTC_f2d02.dir/src.c.o: in function `main':
src.c:(.text+0x46): undefined reference to `pthread_create'
/usr/bin/ld: src.c:(.text+0x52): undefined reference to `pthread_detach'
/usr/bin/ld: src.c:(.text+0x63): undefined reference to `pthread_join'
collect2: error: ld returned 1 exit status
make[1]: *** [CMakeFiles/cmTC_f2d02.dir/build.make:87: cmTC_f2d02] Error 1
make[1]: Leaving directory '/home/bastiano/Documents/Geant4/PSI/Final_change/CMakeFiles/CMakeTmp'
make: *** [Makefile:121: cmTC_f2d02/fast] Error 2


Source file was:
#include <pthread.h>

void* test_func(void* data)
{
  return data;
}

int main(void)
{
  pthread_t thread;
  pthread_create(&thread, NULL, test_func, NULL);
  pthread_detach(thread);
  pthread_join(thread, NULL);
  pthread_atfork(NULL, NULL, NULL);
  pthread_exit(NULL);

  return 0;
}

Performing C SOURCE FILE Test CMAKE_HAVE_LIBC_PTHREAD failed with the following output:
Change Dir: /home/bastiano/Documents/Geant4/PSI/Final_change/CMakeFiles/CMakeTmp

Run Build Command(s):/usr/bin/make cmTC_c33bb/fast && /usr/bin/make -f CMakeFiles/cmTC_c33bb.dir/build.make CMakeFiles/cmTC_c33bb.dir/build
make[1]: Entering directory '/home/bastiano/Documents/Geant4/PSI/Final_change/CMakeFiles/CMakeTmp'
Building C object CMakeFiles/cmTC_c33bb.dir/src.c.o
/usr/bin/cc   -DCMAKE_HAVE_LIBC_PTHREAD   -o CMakeFiles/cmTC_c33bb.dir/src.c.o   -c /home/bastiano/Documents/Geant4/PSI/Final_change/CMakeFiles/CMakeTmp/src.c
Linking C executable cmTC_c33bb
/usr/bin/cmake -E cmake_link_script CMakeFiles/cmTC_c33bb.dir/link.txt --verbose=1
/usr/bin/cc  -DCMAKE_HAVE_LIBC_PTHREAD    CMakeFiles/cmTC_c33bb.dir/src.c.o  -o cmTC_c33bb 
/usr/bin/ld: CMakeFiles/cmTC_c33bb.dir/src.c.o: in function `main':
src.c:(.text+0x46): undefined reference to `pthread_create'
/usr/bin/ld: src.c:(.text+0x52): undefined reference to `pthread_detach'
/usr/bin/ld: src.c:(.text+0x63): undefined reference to `pthread_join'
collect2: error: ld returned 1 exit status
make[1]: *** [CMakeFiles/cmTC_c33bb.dir/build.make:87: cmTC_c33bb] Error 1
make[1]: Leaving directory '/home/bastiano/Documents/Geant4/PSI/Final_change/CMakeFiles/CMakeTmp'
make: *** [Makefile:121: cmTC_c33bb/fast] Error 2


Source file was:
#include <pthread.h>

void* test_func(void* data)
{
  return data;
}

int main(void)
{
  pthread_t thread;
  pthread_create(&thread, NULL, test_func, NULL);
  pthread_detach(thread);
  pthread_join(thread, NULL);
  pthread_atfork(NULL, NULL, NULL);
  pthread_exit(NULL);

  return 0;
}

Performing C SOURCE FILE Test CMAKE_HAVE_LIBC_PTHREAD failed with the following output:
Change Dir: /home/bastiano/Documents/Geant4/PSI/Final_change/CMakeFiles/CMakeTmp

Run Build Command(s):/usr/bin/make cmTC_71f8e/fast && /usr/bin/make -f CMakeFiles/cmTC_71f8e.dir/build.make CMakeFiles/cmTC_71f8e.dir/build
make[1]: Entering directory '/home/bastiano/Documents/Geant4/PSI/Final_change/CMakeFiles/CMakeTmp'
Building C object CMakeFiles/cmTC_71f8e.dir/src.c.o
/usr/bin/cc   -DCMAKE_HAVE_LIBC_PTHREAD   -o CMakeFiles/cmTC_71f8e.dir/src.c.o   -c /home/bastiano/Documents/Geant4/PSI/Final_change/CMakeFiles/CMakeTmp/src.c
Linking C executable cmTC_71f8e
/usr/bin/cmake -E cmake_link_script CMakeFiles/cmTC_71f8e.dir/link.txt --verbose=1
/usr/bin/cc  -DCMAKE_HAVE_LIBC_PTHREAD    CMakeFiles/cmTC_71f8e.dir/src.c.o  -o cmTC_71f8e 
/usr/bin/ld: CMakeFiles/cmTC_71f8e.dir/src.c.o: in function `main':
src.c:(.text+0x46): undefined reference to `pthread_create'
/usr/bin/ld: src.c:(.text+0x52): undefined reference to `pthread_detach'
/usr/bin/ld: src.c:(.text+0x63): undefined reference to `pthread_join'
collect2: error: ld returned 1 exit status
make[1]: *** [CMakeFiles/cmTC_71f8e.dir/build.make:87: cmTC_71f8e] Error 1
make[1]: Leaving directory '/home/bastiano/Documents/Geant4/PSI/Final_change/CMakeFiles/CMakeTmp'
make: *** [Makefile:121: cmTC_71f8e/fast] Error 2


Source file was:
#include <pthread.h>

void* test_func(void* data)
{
  return data;
}

int main(void)
{
  pthread_t thread;
  pthread_create(&thread, NULL, test_func, NULL);
  pthread_detach(thread);
  pthread_join(thread, NULL);
  pthread_atfork(NULL, NULL, NULL);
  pthread_exit(NULL);

  return 0;
}

Performing C SOURCE FILE Test CMAKE_HAVE_LIBC_PTHREAD failed with the following output:
Change Dir: /home/bastiano/Documents/Geant4/PSI/Final_change/CMakeFiles/CMakeTmp

Run Build Command(s):/usr/bin/make cmTC_a3678/fast && /usr/bin/make -f CMakeFiles/cmTC_a3678.dir/build.make CMakeFiles/cmTC_a3678.dir/build
make[1]: Entering directory '/home/bastiano/Documents/Geant4/PSI/Final_change/CMakeFiles/CMakeTmp'
Building C object CMakeFiles/cmTC_a3678.dir/src.c.o
/usr/bin/cc   -DCMAKE_HAVE_LIBC_PTHREAD   -o CMakeFiles/cmTC_a3678.dir/src.c.o   -c /home/bastiano/Documents/Geant4/PSI/Final_change/CMakeFiles/CMakeTmp/src.c
Linking C executable cmTC_a3678
/usr/bin/cmake -E cmake_link_script CMakeFiles/cmTC_a3678.dir/link.txt --verbose=1
/usr/bin/cc  -DCMAKE_HAVE_LIBC_PTHREAD    CMakeFiles/cmTC_a3678.dir/src.c.o  -o cmTC_a3678 
/usr/bin/ld: CMakeFiles/cmTC_a3678.dir/src.c.o: in function `main':
src.c:(.text+0x46): undefined reference to `pthread_create'
/usr/bin/ld: src.c:(.text+0x52): undefined reference to `pthread_detach'
/usr/bin/ld: src.c:(.text+0x63): undefined reference to `pthread_join'
collect2: error: ld returned 1 exit status
make[1]: *** [CMakeFiles/cmTC_a3678.dir/build.make:87: cmTC_a3678] Error 1
make[1]: Leaving directory '/home/bastiano/Documents/Geant4/PSI/Final_change/CMakeFiles/CMakeTmp'
make: *** [Makefile:121: cmTC_a3678/fast] Error 2


Source file was:
#include <pthread.h>

void* test_func(void* data)
{
  return data;
}

int main(void)
{
  pthread_t thread;
  pthread_create(&thread, NULL, test_func, NULL);
  pthread_detach(thread);
  pthread_join(thread, NULL);
  pthread_atfork(NULL, NULL, NULL);
  pthread_exit(NULL);

  return 0;
}

Performing C SOURCE FILE Test CMAKE_HAVE_LIBC_PTHREAD failed with the following output:
Change Dir: /home/bastiano/Documents/Geant4/PSI/Final_change/CMakeFiles/CMakeTmp

Run Build Command(s):/usr/bin/make cmTC_3a76c/fast && /usr/bin/make -f CMakeFiles/cmTC_3a76c.dir/build.make CMakeFiles/cmTC_3a76c.dir/build
make[1]: Entering directory '/home/bastiano/Documents/Geant4/PSI/Final_change/CMakeFiles/CMakeTmp'
Building C object CMakeFiles/cmTC_3a76c.dir/src.c.o
/usr/bin/cc   -DCMAKE_HAVE_LIBC_PTHREAD   -o CMakeFiles/cmTC_3a76c.dir/src.c.o   -c /home/bastiano/Documents/Geant4/PSI/Final_change/CMakeFiles/CMakeTmp/src.c
Linking C executable cmTC_3a76c
/usr/bin/cmake -E cmake_link_script CMakeFiles/cmTC_3a76c.dir/link.txt --verbose=1
/usr/bin/cc  -DCMAKE_HAVE_LIBC_PTHREAD    CMakeFiles/cmTC_3a76c.dir/src.c.o  -o cmTC_3a76c 
/usr/bin/ld: CMakeFiles/cmTC_3a76c.dir/src.c.o: in function `main':
src.c:(.text+0x46): undefined reference to `pthread_create'
/usr/bin/ld: src.c:(.text+0x52): undefined reference to `pthread_detach'
/usr/bin/ld: src.c:(.text+0x63): undefined reference to `pthread_join'
collect2: error: ld returned 1 exit status
make[1]: *** [CMakeFiles/cmTC_3a76c.dir/build.make:87: cmTC_3a76c] Error 1
make[1]: Leaving directory '/home/bastiano/Documents/Geant4/PSI/Final_change/CMakeFiles/CMakeTmp'
make: *** [Makefile:121: cmTC_3a76c/fast] Error 2


Source file was:
#include <pthread.h>

void* test_func(void* data)
{
  return data;
}

int main(void)
{
  pthread_t thread;
  pthread_create(&thread, NULL, test_func, NULL);
  pthread_detach(thread);
  pthread_join(thread, NULL);
  pthread_atfork(NULL, NULL, NULL);
  pthread_exit(NULL);

  return 0;
}

Performing C SOURCE FILE Test CMAKE_HAVE_LIBC_PTHREAD failed with the following output:
Change Dir: /home/bastiano/Documents/Geant4/PSI/Final_change/CMakeFiles/CMakeTmp

Run Build Command(s):/usr/bin/make cmTC_504d8/fast && /usr/bin/make -f CMakeFiles/cmTC_504d8.dir/build.make CMakeFiles/cmTC_504d8.dir/build
make[1]: Entering directory '/home/bastiano/Documents/Geant4/PSI/Final_change/CMakeFiles/CMakeTmp'
Building C object CMakeFiles/cmTC_504d8.dir/src.c.o
/usr/bin/cc   -DCMAKE_HAVE_LIBC_PTHREAD   -o CMakeFiles/cmTC_504d8.dir/src.c.o   -c /home/bastiano/Documents/Geant4/PSI/Final_change/CMakeFiles/CMakeTmp/src.c
Linking C executable cmTC_504d8
/usr/bin/cmake -E cmake_link_script CMakeFiles/cmTC_504d8.dir/link.txt --verbose=1
/usr/bin/cc  -DCMAKE_HAVE_LIBC_PTHREAD    CMakeFiles/cmTC_504d8.dir/src.c.o  -o cmTC_504d8 
/usr/bin/ld: CMakeFiles/cmTC_504d8.dir/src.c.o: in function `main':
src.c:(.text+0x46): undefined reference to `pthread_create'
/usr/bin/ld: src.c:(.text+0x52): undefined reference to `pthread_detach'
/usr/bin/ld: src.c:(.text+0x63): undefined reference to `pthread_join'
collect2: error: ld returned 1 exit status
make[1]: *** [CMakeFiles/cmTC_504d8.dir/build.make:87: cmTC_504d8] Error 1
make[1]: Leaving directory '/home/bastiano/Documents/Geant4/PSI/Final_change/CMakeFiles/CMakeTmp'
make: *** [Makefile:121: cmTC_504d8/fast] Error 2


Source file was:
#include <pthread.h>

void* test_func(void* data)
{
  return data;
}

int main(void)
{
  pthread_t thread;
  pthread_create(&thread, NULL, test_func, NULL);
  pthread_detach(thread);
  pthread_join(thread, NULL);
  pthread_atfork(NULL, NULL, NULL);
  pthread_exit(NULL);

  return 0;
}

Performing C SOURCE FILE Test CMAKE_HAVE_LIBC_PTHREAD failed with the following output:
Change Dir: /home/bastiano/Documents/Geant4/PSI/Final_change/CMakeFiles/CMakeTmp

Run Build Command(s):/usr/bin/make cmTC_18865/fast && /usr/bin/make -f CMakeFiles/cmTC_18865.dir/build.make CMakeFiles/cmTC_18865.dir/build
make[1]: Entering directory '/home/bastiano/Documents/Geant4/PSI/Final_change/CMakeFiles/CMakeTmp'
Building C object CMakeFiles/cmTC_18865.dir/src.c.o
/usr/bin/cc   -DCMAKE_HAVE_LIBC_PTHREAD   -o CMakeFiles/cmTC_18865.dir/src.c.o   -c /home/bastiano/Documents/Geant4/PSI/Final_change/CMakeFiles/CMakeTmp/src.c
Linking C executable cmTC_18865
/usr/bin/cmake -E cmake_link_script CMakeFiles/cmTC_18865.dir/link.txt --verbose=1
/usr/bin/cc  -DCMAKE_HAVE_LIBC_PTHREAD    CMakeFiles/cmTC_18865.dir/src.c.o  -o cmTC_18865 
/usr/bin/ld: CMakeFiles/cmTC_18865.dir/src.c.o: in function `main':
src.c:(.text+0x46): undefined reference to `pthread_create'
/usr/bin/ld: src.c:(.text+0x52): undefined reference to `pthread_detach'
/usr/bin/ld: src.c:(.text+0x63): undefined reference to `pthread_join'
collect2: error: ld returned 1 exit status
make[1]: *** [CMakeFiles/cmTC_18865.dir/build.make:87: cmTC_18865] Error 1
make[1]: Leaving directory '/home/bastiano/Documents/Geant4/PSI/Final_change/CMakeFiles/CMakeTmp'
make: *** [Makefile:121: cmTC_18865/fast] Error 2


Source file was:
#include <pthread.h>

void* test_func(void* data)
{
  return data;
}

int main(void)
{
  pthread_t thread;
  pthread_create(&thread, NULL, test_func, NULL);
  pthread_detach(thread);
  pthread_join(thread, NULL);
  pthread_atfork(NULL, NULL, NULL);
  pthread_exit(NULL);

  return 0;
}

Performing C SOURCE FILE Test CMAKE_HAVE_LIBC_PTHREAD failed with the following output:
Change Dir: /home/bastiano/Documents/Geant4/PSI/Tag_test/CMakeFiles/CMakeTmp

Run Build Command(s):/usr/bin/make cmTC_3254e/fast && /usr/bin/make -f CMakeFiles/cmTC_3254e.dir/build.make CMakeFiles/cmTC_3254e.dir/build
make[1]: Entering directory '/home/bastiano/Documents/Geant4/PSI/Tag_test/CMakeFiles/CMakeTmp'
Building C object CMakeFiles/cmTC_3254e.dir/src.c.o
/usr/bin/cc   -DCMAKE_HAVE_LIBC_PTHREAD   -o CMakeFiles/cmTC_3254e.dir/src.c.o   -c /home/bastiano/Documents/Geant4/PSI/Tag_test/CMakeFiles/CMakeTmp/src.c
Linking C executable cmTC_3254e
/usr/bin/cmake -E cmake_link_script CMakeFiles/cmTC_3254e.dir/link.txt --verbose=1
/usr/bin/cc  -DCMAKE_HAVE_LIBC_PTHREAD    CMakeFiles/cmTC_3254e.dir/src.c.o  -o cmTC_3254e 
/usr/bin/ld: CMakeFiles/cmTC_3254e.dir/src.c.o: in function `main':
src.c:(.text+0x46): undefined reference to `pthread_create'
/usr/bin/ld: src.c:(.text+0x52): undefined reference to `pthread_detach'
/usr/bin/ld: src.c:(.text+0x63): undefined reference to `pthread_join'
collect2: error: ld returned 1 exit status
make[1]: *** [CMakeFiles/cmTC_3254e.dir/build.make:87: cmTC_3254e] Error 1
make[1]: Leaving directory '/home/bastiano/Documents/Geant4/PSI/Tag_test/CMakeFiles/CMakeTmp'
make: *** [Makefile:121: cmTC_3254e/fast] Error 2


Source file was:
#include <pthread.h>

void* test_func(void* data)
{
  return data;
}

int main(void)
{
  pthread_t thread;
  pthread_create(&thread, NULL, test_func, NULL);
  pthread_detach(thread);
  pthread_join(thread, NULL);
  pthread_atfork(NULL, NULL, NULL);
  pthread_exit(NULL);

  return 0;
}

Performing C SOURCE FILE Test CMAKE_HAVE_LIBC_PTHREAD failed with the following output:
Change Dir: /home/bastiano/Documents/Geant4/PSI/Tag_test/CMakeFiles/CMakeTmp

Run Build Command(s):/usr/bin/make cmTC_7930c/fast && /usr/bin/make -f CMakeFiles/cmTC_7930c.dir/build.make CMakeFiles/cmTC_7930c.dir/build
make[1]: Entering directory '/home/bastiano/Documents/Geant4/PSI/Tag_test/CMakeFiles/CMakeTmp'
Building C object CMakeFiles/cmTC_7930c.dir/src.c.o
/usr/bin/cc   -DCMAKE_HAVE_LIBC_PTHREAD   -o CMakeFiles/cmTC_7930c.dir/src.c.o   -c /home/bastiano/Documents/Geant4/PSI/Tag_test/CMakeFiles/CMakeTmp/src.c
Linking C executable cmTC_7930c
/usr/bin/cmake -E cmake_link_script CMakeFiles/cmTC_7930c.dir/link.txt --verbose=1
/usr/bin/cc  -DCMAKE_HAVE_LIBC_PTHREAD    CMakeFiles/cmTC_7930c.dir/src.c.o  -o cmTC_7930c 
/usr/bin/ld: CMakeFiles/cmTC_7930c.dir/src.c.o: in function `main':
src.c:(.text+0x46): undefined reference to `pthread_create'
/usr/bin/ld: src.c:(.text+0x52): undefined reference to `pthread_detach'
/usr/bin/ld: src.c:(.text+0x63): undefined reference to `pthread_join'
collect2: error: ld returned 1 exit status
make[1]: *** [CMakeFiles/cmTC_7930c.dir/build.make:87: cmTC_7930c] Error 1
make[1]: Leaving directory '/home/bastiano/Documents/Geant4/PSI/Tag_test/CMakeFiles/CMakeTmp'
make: *** [Makefile:121: cmTC_7930c/fast] Error 2


Source file was:
#include <pthread.h>

void* test_func(void* data)
{
  return data;
}

int main(void)
{
  pthread_t thread;
  pthread_create(&thread, NULL, test_func, NULL);
  pthread_detach(thread);
  pthread_join(thread, NULL);
  pthread_atfork(NULL, NULL, NULL);
  pthread_exit(NULL);

  return 0;
}

Performing C SOURCE FILE Test CMAKE_HAVE_LIBC_PTHREAD failed with the following output:
Change Dir: /home/bastiano/Documents/Geant4/PSI/Tag_test/CMakeFiles/CMakeTmp

Run Build Command(s):/usr/bin/make cmTC_e0dce/fast && /usr/bin/make -f CMakeFiles/cmTC_e0dce.dir/build.make CMakeFiles/cmTC_e0dce.dir/build
make[1]: Entering directory '/home/bastiano/Documents/Geant4/PSI/Tag_test/CMakeFiles/CMakeTmp'
Building C object CMakeFiles/cmTC_e0dce.dir/src.c.o
/usr/bin/cc   -DCMAKE_HAVE_LIBC_PTHREAD   -o CMakeFiles/cmTC_e0dce.dir/src.c.o   -c /home/bastiano/Documents/Geant4/PSI/Tag_test/CMakeFiles/CMakeTmp/src.c
Linking C executable cmTC_e0dce
/usr/bin/cmake -E cmake_link_script CMakeFiles/cmTC_e0dce.dir/link.txt --verbose=1
/usr/bin/cc  -DCMAKE_HAVE_LIBC_PTHREAD    CMakeFiles/cmTC_e0dce.dir/src.c.o  -o cmTC_e0dce 
/usr/bin/ld: CMakeFiles/cmTC_e0dce.dir/src.c.o: in function `main':
src.c:(.text+0x46): undefined reference to `pthread_create'
/usr/bin/ld: src.c:(.text+0x52): undefined reference to `pthread_detach'
/usr/bin/ld: src.c:(.text+0x63): undefined reference to `pthread_join'
collect2: error: ld returned 1 exit status
make[1]: *** [CMakeFiles/cmTC_e0dce.dir/build.make:87: cmTC_e0dce] Error 1
make[1]: Leaving directory '/home/bastiano/Documents/Geant4/PSI/Tag_test/CMakeFiles/CMakeTmp'
make: *** [Makefile:121: cmTC_e0dce/fast] Error 2


Source file was:
#include <pthread.h>

void* test_func(void* data)
{
  return data;
}

int main(void)
{
  pthread_t thread;
  pthread_create(&thread, NULL, test_func, NULL);
  pthread_detach(thread);
  pthread_join(thread, NULL);
  pthread_atfork(NULL, NULL, NULL);
  pthread_exit(NULL);

  return 0;
}

Performing C SOURCE FILE Test CMAKE_HAVE_LIBC_PTHREAD failed with the following output:
Change Dir: /home/bastiano/Documents/Geant4/PSI/Tag_test/CMakeFiles/CMakeTmp

Run Build Command(s):/usr/bin/make cmTC_c5c5d/fast && /usr/bin/make -f CMakeFiles/cmTC_c5c5d.dir/build.make CMakeFiles/cmTC_c5c5d.dir/build
make[1]: Entering directory '/home/bastiano/Documents/Geant4/PSI/Tag_test/CMakeFiles/CMakeTmp'
Building C object CMakeFiles/cmTC_c5c5d.dir/src.c.o
/usr/bin/cc   -DCMAKE_HAVE_LIBC_PTHREAD   -o CMakeFiles/cmTC_c5c5d.dir/src.c.o   -c /home/bastiano/Documents/Geant4/PSI/Tag_test/CMakeFiles/CMakeTmp/src.c
Linking C executable cmTC_c5c5d
/usr/bin/cmake -E cmake_link_script CMakeFiles/cmTC_c5c5d.dir/link.txt --verbose=1
/usr/bin/cc  -DCMAKE_HAVE_LIBC_PTHREAD    CMakeFiles/cmTC_c5c5d.dir/src.c.o  -o cmTC_c5c5d 
/usr/bin/ld: CMakeFiles/cmTC_c5c5d.dir/src.c.o: in function `main':
src.c:(.text+0x46): undefined reference to `pthread_create'
/usr/bin/ld: src.c:(.text+0x52): undefined reference to `pthread_detach'
/usr/bin/ld: src.c:(.text+0x63): undefined reference to `pthread_join'
collect2: error: ld returned 1 exit status
make[1]: *** [CMakeFiles/cmTC_c5c5d.dir/build.make:87: cmTC_c5c5d] Error 1
make[1]: Leaving directory '/home/bastiano/Documents/Geant4/PSI/Tag_test/CMakeFiles/CMakeTmp'
make: *** [Makefile:121: cmTC_c5c5d/fast] Error 2


Source file was:
#include <pthread.h>

void* test_func(void* data)
{
  return data;
}

int main(void)
{
  pthread_t thread;
  pthread_create(&thread, NULL, test_func, NULL);
  pthread_detach(thread);
  pthread_join(thread, NULL);
  pthread_atfork(NULL, NULL, NULL);
  pthread_exit(NULL);

  return 0;
}

Performing C SOURCE FILE Test CMAKE_HAVE_LIBC_PTHREAD failed with the following output:
Change Dir: /home/bastiano/Documents/Geant4/PSI/Tag_test/CMakeFiles/CMakeTmp

Run Build Command(s):/usr/bin/make cmTC_c2484/fast && /usr/bin/make -f CMakeFiles/cmTC_c2484.dir/build.make CMakeFiles/cmTC_c2484.dir/build
make[1]: Entering directory '/home/bastiano/Documents/Geant4/PSI/Tag_test/CMakeFiles/CMakeTmp'
Building C object CMakeFiles/cmTC_c2484.dir/src.c.o
/usr/bin/cc   -DCMAKE_HAVE_LIBC_PTHREAD   -o CMakeFiles/cmTC_c2484.dir/src.c.o   -c /home/bastiano/Documents/Geant4/PSI/Tag_test/CMakeFiles/CMakeTmp/src.c
Linking C executable cmTC_c2484
/usr/bin/cmake -E cmake_link_script CMakeFiles/cmTC_c2484.dir/link.txt --verbose=1
/usr/bin/cc  -DCMAKE_HAVE_LIBC_PTHREAD    CMakeFiles/cmTC_c2484.dir/src.c.o  -o cmTC_c2484 
/usr/bin/ld: CMakeFiles/cmTC_c2484.dir/src.c.o: in function `main':
src.c:(.text+0x46): undefined reference to `pthread_create'
/usr/bin/ld: src.c:(.text+0x52): undefined reference to `pthread_detach'
/usr/bin/ld: src.c:(.text+0x63): undefined reference to `pthread_join'
collect2: error: ld returned 1 exit status
make[1]: *** [CMakeFiles/cmTC_c2484.dir/build.make:87: cmTC_c2484] Error 1
make[1]: Leaving directory '/home/bastiano/Documents/Geant4/PSI/Tag_test/CMakeFiles/CMakeTmp'
make: *** [Makefile:121: cmTC_c2484/fast] Error 2


Source file was:
#include <pthread.h>

void* test_func(void* data)
{
  return data;
}

int main(void)
{
  pthread_t thread;
  pthread_create(&thread, NULL, test_func, NULL);
  pthread_detach(thread);
  pthread_join(thread, NULL);
  pthread_atfork(NULL, NULL, NULL);
  pthread_exit(NULL);

  return 0;
}

Performing C SOURCE FILE Test CMAKE_HAVE_LIBC_PTHREAD failed with the following output:
Change Dir: /home/bastiano/Documents/Geant4/PSI/Tag_test/CMakeFiles/CMakeTmp

Run Build Command(s):/usr/bin/make cmTC_e6539/fast && /usr/bin/make -f CMakeFiles/cmTC_e6539.dir/build.make CMakeFiles/cmTC_e6539.dir/build
make[1]: Entering directory '/home/bastiano/Documents/Geant4/PSI/Tag_test/CMakeFiles/CMakeTmp'
Building C object CMakeFiles/cmTC_e6539.dir/src.c.o
/usr/bin/cc   -DCMAKE_HAVE_LIBC_PTHREAD   -o CMakeFiles/cmTC_e6539.dir/src.c.o   -c /home/bastiano/Documents/Geant4/PSI/Tag_test/CMakeFiles/CMakeTmp/src.c
Linking C executable cmTC_e6539
/usr/bin/cmake -E cmake_link_script CMakeFiles/cmTC_e6539.dir/link.txt --verbose=1
/usr/bin/cc  -DCMAKE_HAVE_LIBC_PTHREAD    CMakeFiles/cmTC_e6539.dir/src.c.o  -o cmTC_e6539 
/usr/bin/ld: CMakeFiles/cmTC_e6539.dir/src.c.o: in function `main':
src.c:(.text+0x46): undefined reference to `pthread_create'
/usr/bin/ld: src.c:(.text+0x52): undefined reference to `pthread_detach'
/usr/bin/ld: src.c:(.text+0x63): undefined reference to `pthread_join'
collect2: error: ld returned 1 exit status
make[1]: *** [CMakeFiles/cmTC_e6539.dir/build.make:87: cmTC_e6539] Error 1
make[1]: Leaving directory '/home/bastiano/Documents/Geant4/PSI/Tag_test/CMakeFiles/CMakeTmp'
make: *** [Makefile:121: cmTC_e6539/fast] Error 2


Source file was:
#include <pthread.h>

void* test_func(void* data)
{
  return data;
}

int main(void)
{
  pthread_t thread;
  pthread_create(&thread, NULL, test_func, NULL);
  pthread_detach(thread);
  pthread_join(thread, NULL);
  pthread_atfork(NULL, NULL, NULL);
  pthread_exit(NULL);

  return 0;
}

Performing C SOURCE FILE Test CMAKE_HAVE_LIBC_PTHREAD failed with the following output:
Change Dir: /home/bastiano/Documents/Geant4/PSI/Tag_test/CMakeFiles/CMakeTmp

Run Build Command(s):/usr/bin/make cmTC_b69c1/fast && /usr/bin/make -f CMakeFiles/cmTC_b69c1.dir/build.make CMakeFiles/cmTC_b69c1.dir/build
make[1]: Entering directory '/home/bastiano/Documents/Geant4/PSI/Tag_test/CMakeFiles/CMakeTmp'
Building C object CMakeFiles/cmTC_b69c1.dir/src.c.o
/usr/bin/cc   -DCMAKE_HAVE_LIBC_PTHREAD   -o CMakeFiles/cmTC_b69c1.dir/src.c.o   -c /home/bastiano/Documents/Geant4/PSI/Tag_test/CMakeFiles/CMakeTmp/src.c
Linking C executable cmTC_b69c1
/usr/bin/cmake -E cmake_link_script CMakeFiles/cmTC_b69c1.dir/link.txt --verbose=1
/usr/bin/cc  -DCMAKE_HAVE_LIBC_PTHREAD    CMakeFiles/cmTC_b69c1.dir/src.c.o  -o cmTC_b69c1 
/usr/bin/ld: CMakeFiles/cmTC_b69c1.dir/src.c.o: in function `main':
src.c:(.text+0x46): undefined reference to `pthread_create'
/usr/bin/ld: src.c:(.text+0x52): undefined reference to `pthread_detach'
/usr/bin/ld: src.c:(.text+0x63): undefined reference to `pthread_join'
collect2: error: ld returned 1 exit status
make[1]: *** [CMakeFiles/cmTC_b69c1.dir/build.make:87: cmTC_b69c1] Error 1
make[1]: Leaving directory '/home/bastiano/Documents/Geant4/PSI/Tag_test/CMakeFiles/CMakeTmp'
make: *** [Makefile:121: cmTC_b69c1/fast] Error 2


Source file was:
#include <pthread.h>

void* test_func(void* data)
{
  return data;
}

int main(void)
{
  pthread_t thread;
  pthread_create(&thread, NULL, test_func, NULL);
  pthread_detach(thread);
  pthread_join(thread, NULL);
  pthread_atfork(NULL, NULL, NULL);
  pthread_exit(NULL);

  return 0;
}

Performing C SOURCE FILE Test CMAKE_HAVE_LIBC_PTHREAD failed with the following output:
Change Dir: /home/bastiano/Documents/Geant4/PSI/Tag_test/CMakeFiles/CMakeTmp

Run Build Command(s):/usr/bin/make cmTC_a48f3/fast && /usr/bin/make -f CMakeFiles/cmTC_a48f3.dir/build.make CMakeFiles/cmTC_a48f3.dir/build
make[1]: Entering directory '/home/bastiano/Documents/Geant4/PSI/Tag_test/CMakeFiles/CMakeTmp'
Building C object CMakeFiles/cmTC_a48f3.dir/src.c.o
/usr/bin/cc   -DCMAKE_HAVE_LIBC_PTHREAD   -o CMakeFiles/cmTC_a48f3.dir/src.c.o   -c /home/bastiano/Documents/Geant4/PSI/Tag_test/CMakeFiles/CMakeTmp/src.c
Linking C executable cmTC_a48f3
/usr/bin/cmake -E cmake_link_script CMakeFiles/cmTC_a48f3.dir/link.txt --verbose=1
/usr/bin/cc  -DCMAKE_HAVE_LIBC_PTHREAD    CMakeFiles/cmTC_a48f3.dir/src.c.o  -o cmTC_a48f3 
/usr/bin/ld: CMakeFiles/cmTC_a48f3.dir/src.c.o: in function `main':
src.c:(.text+0x46): undefined reference to `pthread_create'
/usr/bin/ld: src.c:(.text+0x52): undefined reference to `pthread_detach'
/usr/bin/ld: src.c:(.text+0x63): undefined reference to `pthread_join'
collect2: error: ld returned 1 exit status
make[1]: *** [CMakeFiles/cmTC_a48f3.dir/build.make:87: cmTC_a48f3] Error 1
make[1]: Leaving directory '/home/bastiano/Documents/Geant4/PSI/Tag_test/CMakeFiles/CMakeTmp'
make: *** [Makefile:121: cmTC_a48f3/fast] Error 2


Source file was:
#include <pthread.h>

void* test_func(void* data)
{
  return data;
}

int main(void)
{
  pthread_t thread;
  pthread_create(&thread, NULL, test_func, NULL);
  pthread_detach(thread);
  pthread_join(thread, NULL);
  pthread_atfork(NULL, NULL, NULL);
  pthread_exit(NULL);

  return 0;
}

Performing C SOURCE FILE Test CMAKE_HAVE_LIBC_PTHREAD failed with the following output:
Change Dir: /home/bastiano/Documents/Geant4/PSI/Tag_test/CMakeFiles/CMakeTmp

Run Build Command(s):/usr/bin/make cmTC_e2954/fast && /usr/bin/make -f CMakeFiles/cmTC_e2954.dir/build.make CMakeFiles/cmTC_e2954.dir/build
make[1]: Entering directory '/home/bastiano/Documents/Geant4/PSI/Tag_test/CMakeFiles/CMakeTmp'
Building C object CMakeFiles/cmTC_e2954.dir/src.c.o
/usr/bin/cc   -DCMAKE_HAVE_LIBC_PTHREAD   -o CMakeFiles/cmTC_e2954.dir/src.c.o   -c /home/bastiano/Documents/Geant4/PSI/Tag_test/CMakeFiles/CMakeTmp/src.c
Linking C executable cmTC_e2954
/usr/bin/cmake -E cmake_link_script CMakeFiles/cmTC_e2954.dir/link.txt --verbose=1
/usr/bin/cc  -DCMAKE_HAVE_LIBC_PTHREAD    CMakeFiles/cmTC_e2954.dir/src.c.o  -o cmTC_e2954 
/usr/bin/ld: CMakeFiles/cmTC_e2954.dir/src.c.o: in function `main':
src.c:(.text+0x46): undefined reference to `pthread_create'
/usr/bin/ld: src.c:(.text+0x52): undefined reference to `pthread_detach'
/usr/bin/ld: src.c:(.text+0x63): undefined reference to `pthread_join'
collect2: error: ld returned 1 exit status
make[1]: *** [CMakeFiles/cmTC_e2954.dir/build.make:87: cmTC_e2954] Error 1
make[1]: Leaving directory '/home/bastiano/Documents/Geant4/PSI/Tag_test/CMakeFiles/CMakeTmp'
make: *** [Makefile:121: cmTC_e2954/fast] Error 2


Source file was:
#include <pthread.h>

void* test_func(void* data)
{
  return data;
}

int main(void)
{
  pthread_t thread;
  pthread_create(&thread, NULL, test_func, NULL);
  pthread_detach(thread);
  pthread_join(thread, NULL);
  pthread_atfork(NULL, NULL, NULL);
  pthread_exit(NULL);

  return 0;
}

Performing C SOURCE FILE Test CMAKE_HAVE_LIBC_PTHREAD failed with the following output:
Change Dir: /home/bastiano/Documents/Geant4/PSI/Tag_test/CMakeFiles/CMakeTmp

Run Build Command(s):/usr/bin/make cmTC_5c8fe/fast && /usr/bin/make -f CMakeFiles/cmTC_5c8fe.dir/build.make CMakeFiles/cmTC_5c8fe.dir/build
make[1]: Entering directory '/home/bastiano/Documents/Geant4/PSI/Tag_test/CMakeFiles/CMakeTmp'
Building C object CMakeFiles/cmTC_5c8fe.dir/src.c.o
/usr/bin/cc   -DCMAKE_HAVE_LIBC_PTHREAD   -o CMakeFiles/cmTC_5c8fe.dir/src.c.o   -c /home/bastiano/Documents/Geant4/PSI/Tag_test/CMakeFiles/CMakeTmp/src.c
Linking C executable cmTC_5c8fe
/usr/bin/cmake -E cmake_link_script CMakeFiles/cmTC_5c8fe.dir/link.txt --verbose=1
/usr/bin/cc  -DCMAKE_HAVE_LIBC_PTHREAD    CMakeFiles/cmTC_5c8fe.dir/src.c.o  -o cmTC_5c8fe 
/usr/bin/ld: CMakeFiles/cmTC_5c8fe.dir/src.c.o: in function `main':
src.c:(.text+0x46): undefined reference to `pthread_create'
/usr/bin/ld: src.c:(.text+0x52): undefined reference to `pthread_detach'
/usr/bin/ld: src.c:(.text+0x63): undefined reference to `pthread_join'
collect2: error: ld returned 1 exit status
make[1]: *** [CMakeFiles/cmTC_5c8fe.dir/build.make:87: cmTC_5c8fe] Error 1
make[1]: Leaving directory '/home/bastiano/Documents/Geant4/PSI/Tag_test/CMakeFiles/CMakeTmp'
make: *** [Makefile:121: cmTC_5c8fe/fast] Error 2


Source file was:
#include <pthread.h>

void* test_func(void* data)
{
  return data;
}

int main(void)
{
  pthread_t thread;
  pthread_create(&thread, NULL, test_func, NULL);
  pthread_detach(thread);
  pthread_join(thread, NULL);
  pthread_atfork(NULL, NULL, NULL);
  pthread_exit(NULL);

  return 0;
}

Performing C SOURCE FILE Test CMAKE_HAVE_LIBC_PTHREAD failed with the following output:
Change Dir: /home/bastiano/Documents/Geant4/PSI/Tag_test/CMakeFiles/CMakeTmp

Run Build Command(s):/usr/bin/make cmTC_72664/fast && /usr/bin/make -f CMakeFiles/cmTC_72664.dir/build.make CMakeFiles/cmTC_72664.dir/build
make[1]: Entering directory '/home/bastiano/Documents/Geant4/PSI/Tag_test/CMakeFiles/CMakeTmp'
Building C object CMakeFiles/cmTC_72664.dir/src.c.o
/usr/bin/cc   -DCMAKE_HAVE_LIBC_PTHREAD   -o CMakeFiles/cmTC_72664.dir/src.c.o   -c /home/bastiano/Documents/Geant4/PSI/Tag_test/CMakeFiles/CMakeTmp/src.c
Linking C executable cmTC_72664
/usr/bin/cmake -E cmake_link_script CMakeFiles/cmTC_72664.dir/link.txt --verbose=1
/usr/bin/cc  -DCMAKE_HAVE_LIBC_PTHREAD    CMakeFiles/cmTC_72664.dir/src.c.o  -o cmTC_72664 
/usr/bin/ld: CMakeFiles/cmTC_72664.dir/src.c.o: in function `main':
src.c:(.text+0x46): undefined reference to `pthread_create'
/usr/bin/ld: src.c:(.text+0x52): undefined reference to `pthread_detach'
/usr/bin/ld: src.c:(.text+0x63): undefined reference to `pthread_join'
collect2: error: ld returned 1 exit status
make[1]: *** [CMakeFiles/cmTC_72664.dir/build.make:87: cmTC_72664] Error 1
make[1]: Leaving directory '/home/bastiano/Documents/Geant4/PSI/Tag_test/CMakeFiles/CMakeTmp'
make: *** [Makefile:121: cmTC_72664/fast] Error 2


Source file was:
#include <pthread.h>

void* test_func(void* data)
{
  return data;
}

int main(void)
{
  pthread_t thread;
  pthread_create(&thread, NULL, test_func, NULL);
  pthread_detach(thread);
  pthread_join(thread, NULL);
  pthread_atfork(NULL, NULL, NULL);
  pthread_exit(NULL);

  return 0;
}

Performing C SOURCE FILE Test CMAKE_HAVE_LIBC_PTHREAD failed with the following output:
Change Dir: /home/bastiano/Documents/Geant4/PSI/Tag_test/CMakeFiles/CMakeTmp

Run Build Command(s):/usr/bin/make cmTC_7a2eb/fast && /usr/bin/make -f CMakeFiles/cmTC_7a2eb.dir/build.make CMakeFiles/cmTC_7a2eb.dir/build
make[1]: Entering directory '/home/bastiano/Documents/Geant4/PSI/Tag_test/CMakeFiles/CMakeTmp'
Building C object CMakeFiles/cmTC_7a2eb.dir/src.c.o
/usr/bin/cc   -DCMAKE_HAVE_LIBC_PTHREAD   -o CMakeFiles/cmTC_7a2eb.dir/src.c.o   -c /home/bastiano/Documents/Geant4/PSI/Tag_test/CMakeFiles/CMakeTmp/src.c
Linking C executable cmTC_7a2eb
/usr/bin/cmake -E cmake_link_script CMakeFiles/cmTC_7a2eb.dir/link.txt --verbose=1
/usr/bin/cc  -DCMAKE_HAVE_LIBC_PTHREAD    CMakeFiles/cmTC_7a2eb.dir/src.c.o  -o cmTC_7a2eb 
/usr/bin/ld: CMakeFiles/cmTC_7a2eb.dir/src.c.o: in function `main':
src.c:(.text+0x46): undefined reference to `pthread_create'
/usr/bin/ld: src.c:(.text+0x52): undefined reference to `pthread_detach'
/usr/bin/ld: src.c:(.text+0x63): undefined reference to `pthread_join'
collect2: error: ld returned 1 exit status
make[1]: *** [CMakeFiles/cmTC_7a2eb.dir/build.make:87: cmTC_7a2eb] Error 1
make[1]: Leaving directory '/home/bastiano/Documents/Geant4/PSI/Tag_test/CMakeFiles/CMakeTmp'
make: *** [Makefile:121: cmTC_7a2eb/fast] Error 2


Source file was:
#include <pthread.h>

void* test_func(void* data)
{
  return data;
}

int main(void)
{
  pthread_t thread;
  pthread_create(&thread, NULL, test_func, NULL);
  pthread_detach(thread);
  pthread_join(thread, NULL);
  pthread_atfork(NULL, NULL, NULL);
  pthread_exit(NULL);

  return 0;
}

